# JRE version: Java(TM) SE Runtime Environment (7.0_79-b15) (build 1.7.0_79-b15)
# Java VM: Java HotSpot(TM) 64-Bit Server VM (24.79-b02 mixed mode windows-amd64 compressed oops)
Heap
 PSYoungGen      total 33792K, used 17392K [0x00000007ab800000, 0x00000007adb80000, 0x0000000800000000)
  eden space 31232K, 52% used [0x00000007ab800000,0x00000007ac810950,0x00000007ad680000)
  from space 2560K, 36% used [0x00000007ad680000,0x00000007ad76b830,0x00000007ad900000)
  to   space 2560K, 0% used [0x00000007ad900000,0x00000007ad900000,0x00000007adb80000)
 ParOldGen       total 173056K, used 60652K [0x0000000702800000, 0x000000070d100000, 0x00000007ab800000)
  object space 173056K, 35% used [0x0000000702800000,0x000000070633b0b8,0x000000070d100000)
 PSPermGen       total 26112K, used 25864K [0x00000006fd600000, 0x00000006fef80000, 0x0000000702800000)
  object space 26112K, 99% used [0x00000006fd600000,0x00000006fef42140,0x00000006fef80000)
GC Heap History (10 events):
Event: 138.501 GC heap before
{Heap before GC invocations=61 (full 0):
 PSYoungGen      total 34304K, used 31983K [0x00000007ab800000, 0x00000007adc80000, 0x0000000800000000)
  eden space 31232K, 99% used [0x00000007ab800000,0x00000007ad6485c0,0x00000007ad680000)
  from space 3072K, 31% used [0x00000007ad980000,0x00000007ada73830,0x00000007adc80000)
  to   space 3072K, 0% used [0x00000007ad680000,0x00000007ad680000,0x00000007ad980000)
 ParOldGen       total 173056K, used 58832K [0x0000000702800000, 0x000000070d100000, 0x00000007ab800000)
  object space 173056K, 33% used [0x0000000702800000,0x0000000706174058,0x000000070d100000)
 PSPermGen       total 26112K, used 25861K [0x00000006fd600000, 0x00000006fef80000, 0x0000000702800000)
  object space 26112K, 99% used [0x00000006fd600000,0x00000006fef41678,0x00000006fef80000)
Event: 138.503 GC heap after
Heap after GC invocations=61 (full 0):
 PSYoungGen      total 34304K, used 942K [0x00000007ab800000, 0x00000007adc80000, 0x0000000800000000)
  eden space 31232K, 0% used [0x00000007ab800000,0x00000007ab800000,0x00000007ad680000)
  from space 3072K, 30% used [0x00000007ad680000,0x00000007ad76b830,0x00000007ad980000)
  to   space 3072K, 0% used [0x00000007ad980000,0x00000007ad980000,0x00000007adc80000)
 ParOldGen       total 173056K, used 59220K [0x0000000702800000, 0x000000070d100000, 0x00000007ab800000)
  object space 173056K, 34% used [0x0000000702800000,0x00000007061d5078,0x000000070d100000)
 PSPermGen       total 26112K, used 25861K [0x00000006fd600000, 0x00000006fef80000, 0x0000000702800000)
  object space 26112K, 99% used [0x00000006fd600000,0x00000006fef41678,0x00000006fef80000)
}
Event: 139.863 GC heap before
{Heap before GC invocations=62 (full 0):
 PSYoungGen      total 34304K, used 31963K [0x00000007ab800000, 0x00000007adc80000, 0x0000000800000000)
  eden space 31232K, 99% used [0x00000007ab800000,0x00000007ad64b580,0x00000007ad680000)
  from space 3072K, 30% used [0x00000007ad680000,0x00000007ad76b830,0x00000007ad980000)
  to   space 3072K, 0% used [0x00000007ad980000,0x00000007ad980000,0x00000007adc80000)
 ParOldGen       total 173056K, used 59220K [0x0000000702800000, 0x000000070d100000, 0x00000007ab800000)
  object space 173056K, 34% used [0x0000000702800000,0x00000007061d5078,0x000000070d100000)
 PSPermGen       total 26112K, used 25862K [0x00000006fd600000, 0x00000006fef80000, 0x0000000702800000)
  object space 26112K, 99% used [0x00000006fd600000,0x00000006fef41860,0x00000006fef80000)
Event: 139.865 GC heap after
Heap after GC invocations=62 (full 0):
 PSYoungGen      total 33280K, used 1392K [0x00000007ab800000, 0x00000007adb80000, 0x0000000800000000)
  eden space 31232K, 0% used [0x00000007ab800000,0x00000007ab800000,0x00000007ad680000)
  from space 2048K, 67% used [0x00000007ad980000,0x00000007adadc050,0x00000007adb80000)
  to   space 2560K, 0% used [0x00000007ad680000,0x00000007ad680000,0x00000007ad900000)
 ParOldGen       total 173056K, used 59584K [0x0000000702800000, 0x000000070d100000, 0x00000007ab800000)
  object space 173056K, 34% used [0x0000000702800000,0x0000000706230088,0x000000070d100000)
 PSPermGen       total 26112K, used 25862K [0x00000006fd600000, 0x00000006fef80000, 0x0000000702800000)
  object space 26112K, 99% used [0x00000006fd600000,0x00000006fef41860,0x00000006fef80000)
}
Event: 141.222 GC heap before
{Heap before GC invocations=63 (full 0):
 PSYoungGen      total 33280K, used 32514K [0x00000007ab800000, 0x00000007adb80000, 0x0000000800000000)
  eden space 31232K, 99% used [0x00000007ab800000,0x00000007ad664888,0x00000007ad680000)
  from space 2048K, 67% used [0x00000007ad980000,0x00000007adadc050,0x00000007adb80000)
  to   space 2560K, 0% used [0x00000007ad680000,0x00000007ad680000,0x00000007ad900000)
 ParOldGen       total 173056K, used 59584K [0x0000000702800000, 0x000000070d100000, 0x00000007ab800000)
  object space 173056K, 34% used [0x0000000702800000,0x0000000706230088,0x000000070d100000)
 PSPermGen       total 26112K, used 25862K [0x00000006fd600000, 0x00000006fef80000, 0x0000000702800000)
  object space 26112K, 99% used [0x00000006fd600000,0x00000006fef41b40,0x00000006fef80000)
Event: 141.223 GC heap after
Heap after GC invocations=63 (full 0):
 PSYoungGen      total 33792K, used 1167K [0x00000007ab800000, 0x00000007adb80000, 0x0000000800000000)
  eden space 31232K, 0% used [0x00000007ab800000,0x00000007ab800000,0x00000007ad680000)
  from space 2560K, 45% used [0x00000007ad680000,0x00000007ad7a3c40,0x00000007ad900000)
  to   space 2560K, 0% used [0x00000007ad900000,0x00000007ad900000,0x00000007adb80000)
 ParOldGen       total 173056K, used 59940K [0x0000000702800000, 0x000000070d100000, 0x00000007ab800000)
  object space 173056K, 34% used [0x0000000702800000,0x0000000706289098,0x000000070d100000)
 PSPermGen       total 26112K, used 25862K [0x00000006fd600000, 0x00000006fef80000, 0x0000000702800000)
  object space 26112K, 99% used [0x00000006fd600000,0x00000006fef41b40,0x00000006fef80000)
}
Event: 142.562 GC heap before
{Heap before GC invocations=64 (full 0):
 PSYoungGen      total 33792K, used 32204K [0x00000007ab800000, 0x00000007adb80000, 0x0000000800000000)
  eden space 31232K, 99% used [0x00000007ab800000,0x00000007ad64f768,0x00000007ad680000)
  from space 2560K, 45% used [0x00000007ad680000,0x00000007ad7a3c40,0x00000007ad900000)
  to   space 2560K, 0% used [0x00000007ad900000,0x00000007ad900000,0x00000007adb80000)
 ParOldGen       total 173056K, used 59940K [0x0000000702800000, 0x000000070d100000, 0x00000007ab800000)
  object space 173056K, 34% used [0x0000000702800000,0x0000000706289098,0x000000070d100000)
 PSPermGen       total 26112K, used 25863K [0x00000006fd600000, 0x00000006fef80000, 0x0000000702800000)
  object space 26112K, 99% used [0x00000006fd600000,0x00000006fef41e90,0x00000006fef80000)
Event: 142.563 GC heap after
Heap after GC invocations=64 (full 0):
 PSYoungGen      total 33792K, used 942K [0x00000007ab800000, 0x00000007adb80000, 0x0000000800000000)
  eden space 31232K, 0% used [0x00000007ab800000,0x00000007ab800000,0x00000007ad680000)
  from space 2560K, 36% used [0x00000007ad900000,0x00000007ad9eb830,0x00000007adb80000)
  to   space 2560K, 0% used [0x00000007ad680000,0x00000007ad680000,0x00000007ad900000)
 ParOldGen       total 173056K, used 60296K [0x0000000702800000, 0x000000070d100000, 0x00000007ab800000)
  object space 173056K, 34% used [0x0000000702800000,0x00000007062e20a8,0x000000070d100000)
 PSPermGen       total 26112K, used 25863K [0x00000006fd600000, 0x00000006fef80000, 0x0000000702800000)
  object space 26112K, 99% used [0x00000006fd600000,0x00000006fef41e90,0x00000006fef80000)
}
Event: 143.785 GC heap before
{Heap before GC invocations=65 (full 0):
 PSYoungGen      total 33792K, used 29259K [0x00000007ab800000, 0x00000007adb80000, 0x0000000800000000)
  eden space 31232K, 90% used [0x00000007ab800000,0x00000007ad3a7670,0x00000007ad680000)
  from space 2560K, 36% used [0x00000007ad900000,0x00000007ad9eb830,0x00000007adb80000)
  to   space 2560K, 0% used [0x00000007ad680000,0x00000007ad680000,0x00000007ad900000)
 ParOldGen       total 173056K, used 60296K [0x0000000702800000, 0x000000070d100000, 0x00000007ab800000)
  object space 173056K, 34% used [0x0000000702800000,0x00000007062e20a8,0x000000070d100000)
 PSPermGen       total 26112K, used 25864K [0x00000006fd600000, 0x00000006fef80000, 0x0000000702800000)
  object space 26112K, 99% used [0x00000006fd600000,0x00000006fef42140,0x00000006fef80000)
Event: 143.787 GC heap after
Heap after GC invocations=65 (full 0):
 PSYoungGen      total 33792K, used 942K [0x00000007ab800000, 0x00000007adb80000, 0x0000000800000000)
  eden space 31232K, 0% used [0x00000007ab800000,0x00000007ab800000,0x00000007ad680000)
  from space 2560K, 36% used [0x00000007ad680000,0x00000007ad76b830,0x00000007ad900000)
  to   space 2560K, 0% used [0x00000007ad900000,0x00000007ad900000,0x00000007adb80000)
 ParOldGen       total 173056K, used 60652K [0x0000000702800000, 0x000000070d100000, 0x00000007ab800000)
  object space 173056K, 35% used [0x0000000702800000,0x000000070633b0b8,0x000000070d100000)
 PSPermGen       total 26112K, used 25864K [0x00000006fd600000, 0x00000006fef80000, 0x0000000702800000)
  object space 26112K, 99% used [0x00000006fd600000,0x00000006fef42140,0x00000006fef80000)
}

