# JRE version: Java(TM) SE Runtime Environment (7.0_79-b15) (build 1.7.0_79-b15)
# Java VM: Java HotSpot(TM) 64-Bit Server VM (24.79-b02 mixed mode windows-amd64 compressed oops)
Heap
 PSYoungGen      total 88576K, used 76327K [0x00000007ab800000, 0x00000007b9300000, 0x0000000800000000)
  eden space 86528K, 86% used [0x00000007ab800000,0x00000007b00f7a18,0x00000007b0c80000)
  from space 2048K, 78% used [0x00000007b8700000,0x00000007b8892490,0x00000007b8900000)
  to   space 6144K, 0% used [0x00000007b8d00000,0x00000007b8d00000,0x00000007b9300000)
 ParOldGen       total 173056K, used 6022K [0x0000000702800000, 0x000000070d100000, 0x00000007ab800000)
  object space 173056K, 3% used [0x0000000702800000,0x0000000702de1a70,0x000000070d100000)
 PSPermGen       total 25600K, used 25163K [0x00000006fd600000, 0x00000006fef00000, 0x0000000702800000)
  object space 25600K, 98% used [0x00000006fd600000,0x00000006fee92e88,0x00000006fef00000)
GC Heap History (10 events):
Event: 20.721 GC heap before
{Heap before GC invocations=17 (full 0):
 PSYoungGen      total 100352K, used 99832K [0x00000007ab800000, 0x00000007ba180000, 0x0000000800000000)
  eden space 98816K, 99% used [0x00000007ab800000,0x00000007b186a588,0x00000007b1880000)
  from space 1536K, 71% used [0x00000007ba000000,0x00000007ba113c40,0x00000007ba180000)
  to   space 7680K, 0% used [0x00000007b9280000,0x00000007b9280000,0x00000007b9a00000)
 ParOldGen       total 173056K, used 4905K [0x0000000702800000, 0x000000070d100000, 0x00000007ab800000)
  object space 173056K, 2% used [0x0000000702800000,0x0000000702cca7d0,0x000000070d100000)
 PSPermGen       total 24064K, used 23981K [0x00000006fd600000, 0x00000006fed80000, 0x0000000702800000)
  object space 24064K, 99% used [0x00000006fd600000,0x00000006fed6b600,0x00000006fed80000)
Event: 20.722 GC heap after
Heap after GC invocations=17 (full 0):
 PSYoungGen      total 97792K, used 1103K [0x00000007ab800000, 0x00000007ba080000, 0x0000000800000000)
  eden space 96256K, 0% used [0x00000007ab800000,0x00000007ab800000,0x00000007b1600000)
  from space 1536K, 71% used [0x00000007b9280000,0x00000007b9393c40,0x00000007b9400000)
  to   space 7680K, 0% used [0x00000007b9900000,0x00000007b9900000,0x00000007ba080000)
 ParOldGen       total 173056K, used 4921K [0x0000000702800000, 0x000000070d100000, 0x00000007ab800000)
  object space 173056K, 2% used [0x0000000702800000,0x0000000702cce7d0,0x000000070d100000)
 PSPermGen       total 24064K, used 23981K [0x00000006fd600000, 0x00000006fed80000, 0x0000000702800000)
  object space 24064K, 99% used [0x00000006fd600000,0x00000006fed6b600,0x00000006fed80000)
}
Event: 21.353 GC heap before
{Heap before GC invocations=18 (full 0):
 PSYoungGen      total 97792K, used 97209K [0x00000007ab800000, 0x00000007ba080000, 0x0000000800000000)
  eden space 96256K, 99% used [0x00000007ab800000,0x00000007b15da8b8,0x00000007b1600000)
  from space 1536K, 71% used [0x00000007b9280000,0x00000007b9393c40,0x00000007b9400000)
  to   space 7680K, 0% used [0x00000007b9900000,0x00000007b9900000,0x00000007ba080000)
 ParOldGen       total 173056K, used 4921K [0x0000000702800000, 0x000000070d100000, 0x00000007ab800000)
  object space 173056K, 2% used [0x0000000702800000,0x0000000702cce7d0,0x000000070d100000)
 PSPermGen       total 24576K, used 24130K [0x00000006fd600000, 0x00000006fee00000, 0x0000000702800000)
  object space 24576K, 98% used [0x00000006fd600000,0x00000006fed90b70,0x00000006fee00000)
Event: 21.354 GC heap after
Heap after GC invocations=18 (full 0):
 PSYoungGen      total 94720K, used 904K [0x00000007ab800000, 0x00000007b9a00000, 0x0000000800000000)
  eden space 93696K, 0% used [0x00000007ab800000,0x00000007ab800000,0x00000007b1380000)
  from space 1024K, 88% used [0x00000007b9900000,0x00000007b99e2048,0x00000007b9a00000)
  to   space 7168K, 0% used [0x00000007b8c00000,0x00000007b8c00000,0x00000007b9300000)
 ParOldGen       total 173056K, used 4929K [0x0000000702800000, 0x000000070d100000, 0x00000007ab800000)
  object space 173056K, 2% used [0x0000000702800000,0x0000000702cd07d0,0x000000070d100000)
 PSPermGen       total 24576K, used 24130K [0x00000006fd600000, 0x00000006fee00000, 0x0000000702800000)
  object space 24576K, 98% used [0x00000006fd600000,0x00000006fed90b70,0x00000006fee00000)
}
Event: 22.050 GC heap before
{Heap before GC invocations=19 (full 0):
 PSYoungGen      total 94720K, used 94538K [0x00000007ab800000, 0x00000007b9a00000, 0x0000000800000000)
  eden space 93696K, 99% used [0x00000007ab800000,0x00000007b13707e0,0x00000007b1380000)
  from space 1024K, 88% used [0x00000007b9900000,0x00000007b99e2048,0x00000007b9a00000)
  to   space 7168K, 0% used [0x00000007b8c00000,0x00000007b8c00000,0x00000007b9300000)
 ParOldGen       total 173056K, used 4929K [0x0000000702800000, 0x000000070d100000, 0x00000007ab800000)
  object space 173056K, 2% used [0x0000000702800000,0x0000000702cd07d0,0x000000070d100000)
 PSPermGen       total 24576K, used 24494K [0x00000006fd600000, 0x00000006fee00000, 0x0000000702800000)
  object space 24576K, 99% used [0x00000006fd600000,0x00000006fedeba38,0x00000006fee00000)
Event: 22.051 GC heap after
Heap after GC invocations=19 (full 0):
 PSYoungGen      total 92672K, used 1530K [0x00000007ab800000, 0x00000007b9980000, 0x0000000800000000)
  eden space 91136K, 0% used [0x00000007ab800000,0x00000007ab800000,0x00000007b1100000)
  from space 1536K, 99% used [0x00000007b8c00000,0x00000007b8d7e840,0x00000007b8d80000)
  to   space 7168K, 0% used [0x00000007b9280000,0x00000007b9280000,0x00000007b9980000)
 ParOldGen       total 173056K, used 5003K [0x0000000702800000, 0x000000070d100000, 0x00000007ab800000)
  object space 173056K, 2% used [0x0000000702800000,0x0000000702ce2fe8,0x000000070d100000)
 PSPermGen       total 24576K, used 24494K [0x00000006fd600000, 0x00000006fee00000, 0x0000000702800000)
  object space 24576K, 99% used [0x00000006fd600000,0x00000006fedeba38,0x00000006fee00000)
}
Event: 22.669 GC heap before
{Heap before GC invocations=20 (full 0):
 PSYoungGen      total 92672K, used 92627K [0x00000007ab800000, 0x00000007b9980000, 0x0000000800000000)
  eden space 91136K, 99% used [0x00000007ab800000,0x00000007b10f6618,0x00000007b1100000)
  from space 1536K, 99% used [0x00000007b8c00000,0x00000007b8d7e840,0x00000007b8d80000)
  to   space 7168K, 0% used [0x00000007b9280000,0x00000007b9280000,0x00000007b9980000)
 ParOldGen       total 173056K, used 5003K [0x0000000702800000, 0x000000070d100000, 0x00000007ab800000)
  object space 173056K, 2% used [0x0000000702800000,0x0000000702ce2fe8,0x000000070d100000)
 PSPermGen       total 24576K, used 24514K [0x00000006fd600000, 0x00000006fee00000, 0x0000000702800000)
  object space 24576K, 99% used [0x00000006fd600000,0x00000006fedf0bc8,0x00000006fee00000)
Event: 22.671 GC heap after
Heap after GC invocations=20 (full 0):
 PSYoungGen      total 90112K, used 1510K [0x00000007ab800000, 0x00000007b9400000, 0x0000000800000000)
  eden space 88576K, 0% used [0x00000007ab800000,0x00000007ab800000,0x00000007b0e80000)
  from space 1536K, 98% used [0x00000007b9280000,0x00000007b93f9850,0x00000007b9400000)
  to   space 6656K, 0% used [0x00000007b8700000,0x00000007b8700000,0x00000007b8d80000)
 ParOldGen       total 173056K, used 5690K [0x0000000702800000, 0x000000070d100000, 0x00000007ab800000)
  object space 173056K, 3% used [0x0000000702800000,0x0000000702d8ea60,0x000000070d100000)
 PSPermGen       total 24576K, used 24514K [0x00000006fd600000, 0x00000006fee00000, 0x0000000702800000)
  object space 24576K, 99% used [0x00000006fd600000,0x00000006fedf0bc8,0x00000006fee00000)
}
Event: 23.979 GC heap before
{Heap before GC invocations=21 (full 0):
 PSYoungGen      total 90112K, used 90030K [0x00000007ab800000, 0x00000007b9400000, 0x0000000800000000)
  eden space 88576K, 99% used [0x00000007ab800000,0x00000007b0e72098,0x00000007b0e80000)
  from space 1536K, 98% used [0x00000007b9280000,0x00000007b93f9850,0x00000007b9400000)
  to   space 6656K, 0% used [0x00000007b8700000,0x00000007b8700000,0x00000007b8d80000)
 ParOldGen       total 173056K, used 5690K [0x0000000702800000, 0x000000070d100000, 0x00000007ab800000)
  object space 173056K, 3% used [0x0000000702800000,0x0000000702d8ea60,0x000000070d100000)
 PSPermGen       total 25600K, used 25144K [0x00000006fd600000, 0x00000006fef00000, 0x0000000702800000)
  object space 25600K, 98% used [0x00000006fd600000,0x00000006fee8e360,0x00000006fef00000)
Event: 23.981 GC heap after
Heap after GC invocations=21 (full 0):
 PSYoungGen      total 88576K, used 1609K [0x00000007ab800000, 0x00000007b9300000, 0x0000000800000000)
  eden space 86528K, 0% used [0x00000007ab800000,0x00000007ab800000,0x00000007b0c80000)
  from space 2048K, 78% used [0x00000007b8700000,0x00000007b8892490,0x00000007b8900000)
  to   space 6144K, 0% used [0x00000007b8d00000,0x00000007b8d00000,0x00000007b9300000)
 ParOldGen       total 173056K, used 6022K [0x0000000702800000, 0x000000070d100000, 0x00000007ab800000)
  object space 173056K, 3% used [0x0000000702800000,0x0000000702de1a70,0x000000070d100000)
 PSPermGen       total 25600K, used 25144K [0x00000006fd600000, 0x00000006fef00000, 0x0000000702800000)
  object space 25600K, 98% used [0x00000006fd600000,0x00000006fee8e360,0x00000006fef00000)
}

