# JRE version: Java(TM) SE Runtime Environment (7.0_79-b15) (build 1.7.0_79-b15)
# Java VM: Java HotSpot(TM) 64-Bit Server VM (24.79-b02 mixed mode windows-amd64 compressed oops)
Heap
 PSYoungGen      total 75776K, used 19420K [0x00000007ab800000, 0x00000007b0c80000, 0x0000000800000000)
  eden space 65024K, 19% used [0x00000007ab800000,0x00000007ac45e770,0x00000007af780000)
  from space 10752K, 62% used [0x00000007af780000,0x00000007afe18bb0,0x00000007b0200000)
  to   space 10752K, 0% used [0x00000007b0200000,0x00000007b0200000,0x00000007b0c80000)
 ParOldGen       total 173056K, used 16K [0x0000000702800000, 0x000000070d100000, 0x00000007ab800000)
  object space 173056K, 0% used [0x0000000702800000,0x0000000702804000,0x000000070d100000)
 PSPermGen       total 26112K, used 25899K [0x00000006fd600000, 0x00000006fef80000, 0x0000000702800000)
  object space 26112K, 99% used [0x00000006fd600000,0x00000006fef4ad28,0x00000006fef80000)
GC Heap History (6 events):
Event: 13.730 GC heap before
{Heap before GC invocations=1 (full 0):
 PSYoungGen      total 75776K, used 64979K [0x00000007ab800000, 0x00000007b0c80000, 0x0000000800000000)
  eden space 65024K, 99% used [0x00000007ab800000,0x00000007af774e90,0x00000007af780000)
  from space 10752K, 0% used [0x00000007b0200000,0x00000007b0200000,0x00000007b0c80000)
  to   space 10752K, 0% used [0x00000007af780000,0x00000007af780000,0x00000007b0200000)
 ParOldGen       total 173056K, used 0K [0x0000000702800000, 0x000000070d100000, 0x00000007ab800000)
  object space 173056K, 0% used [0x0000000702800000,0x0000000702800000,0x000000070d100000)
 PSPermGen       total 21504K, used 18691K [0x00000006fd600000, 0x00000006feb00000, 0x0000000702800000)
  object space 21504K, 86% used [0x00000006fd600000,0x00000006fe840c80,0x00000006feb00000)
Event: 13.741 GC heap after
Heap after GC invocations=1 (full 0):
 PSYoungGen      total 75776K, used 6881K [0x00000007ab800000, 0x00000007b0c80000, 0x0000000800000000)
  eden space 65024K, 0% used [0x00000007ab800000,0x00000007ab800000,0x00000007af780000)
  from space 10752K, 63% used [0x00000007af780000,0x00000007afe38418,0x00000007b0200000)
  to   space 10752K, 0% used [0x00000007b0200000,0x00000007b0200000,0x00000007b0c80000)
 ParOldGen       total 173056K, used 8K [0x0000000702800000, 0x000000070d100000, 0x00000007ab800000)
  object space 173056K, 0% used [0x0000000702800000,0x0000000702802000,0x000000070d100000)
 PSPermGen       total 21504K, used 18691K [0x00000006fd600000, 0x00000006feb00000, 0x0000000702800000)
  object space 21504K, 86% used [0x00000006fd600000,0x00000006fe840c80,0x00000006feb00000)
}
Event: 16.702 GC heap before
{Heap before GC invocations=2 (full 0):
 PSYoungGen      total 75776K, used 71696K [0x00000007ab800000, 0x00000007b0c80000, 0x0000000800000000)
  eden space 65024K, 99% used [0x00000007ab800000,0x00000007af74be88,0x00000007af780000)
  from space 10752K, 63% used [0x00000007af780000,0x00000007afe38418,0x00000007b0200000)
  to   space 10752K, 0% used [0x00000007b0200000,0x00000007b0200000,0x00000007b0c80000)
 ParOldGen       total 173056K, used 8K [0x0000000702800000, 0x000000070d100000, 0x00000007ab800000)
  object space 173056K, 0% used [0x0000000702800000,0x0000000702802000,0x000000070d100000)
 PSPermGen       total 26112K, used 25866K [0x00000006fd600000, 0x00000006fef80000, 0x0000000702800000)
  object space 26112K, 99% used [0x00000006fd600000,0x00000006fef429d8,0x00000006fef80000)
Event: 16.711 GC heap after
Heap after GC invocations=2 (full 0):
 PSYoungGen      total 75776K, used 7045K [0x00000007ab800000, 0x00000007b0c80000, 0x0000000800000000)
  eden space 65024K, 0% used [0x00000007ab800000,0x00000007ab800000,0x00000007af780000)
  from space 10752K, 65% used [0x00000007b0200000,0x00000007b08e1448,0x00000007b0c80000)
  to   space 10752K, 0% used [0x00000007af780000,0x00000007af780000,0x00000007b0200000)
 ParOldGen       total 173056K, used 16K [0x0000000702800000, 0x000000070d100000, 0x00000007ab800000)
  object space 173056K, 0% used [0x0000000702800000,0x0000000702804000,0x000000070d100000)
 PSPermGen       total 26112K, used 25866K [0x00000006fd600000, 0x00000006fef80000, 0x0000000702800000)
  object space 26112K, 99% used [0x00000006fd600000,0x00000006fef429d8,0x00000006fef80000)
}
Event: 19.391 GC heap before
{Heap before GC invocations=3 (full 0):
 PSYoungGen      total 75776K, used 71946K [0x00000007ab800000, 0x00000007b0c80000, 0x0000000800000000)
  eden space 65024K, 99% used [0x00000007ab800000,0x00000007af7614f8,0x00000007af780000)
  from space 10752K, 65% used [0x00000007b0200000,0x00000007b08e1448,0x00000007b0c80000)
  to   space 10752K, 0% used [0x00000007af780000,0x00000007af780000,0x00000007b0200000)
 ParOldGen       total 173056K, used 16K [0x0000000702800000, 0x000000070d100000, 0x00000007ab800000)
  object space 173056K, 0% used [0x0000000702800000,0x0000000702804000,0x000000070d100000)
 PSPermGen       total 26112K, used 25893K [0x00000006fd600000, 0x00000006fef80000, 0x0000000702800000)
  object space 26112K, 99% used [0x00000006fd600000,0x00000006fef49568,0x00000006fef80000)
Event: 19.399 GC heap after
Heap after GC invocations=3 (full 0):
 PSYoungGen      total 75776K, used 6754K [0x00000007ab800000, 0x00000007b0c80000, 0x0000000800000000)
  eden space 65024K, 0% used [0x00000007ab800000,0x00000007ab800000,0x00000007af780000)
  from space 10752K, 62% used [0x00000007af780000,0x00000007afe18bb0,0x00000007b0200000)
  to   space 10752K, 0% used [0x00000007b0200000,0x00000007b0200000,0x00000007b0c80000)
 ParOldGen       total 173056K, used 16K [0x0000000702800000, 0x000000070d100000, 0x00000007ab800000)
  object space 173056K, 0% used [0x0000000702800000,0x0000000702804000,0x000000070d100000)
 PSPermGen       total 26112K, used 25893K [0x00000006fd600000, 0x00000006fef80000, 0x0000000702800000)
  object space 26112K, 99% used [0x00000006fd600000,0x00000006fef49568,0x00000006fef80000)
}

