# JRE version: Java(TM) SE Runtime Environment (7.0_79-b15) (build 1.7.0_79-b15)
# Java VM: Java HotSpot(TM) 64-Bit Server VM (24.79-b02 mixed mode windows-amd64 compressed oops)
Heap
 PSYoungGen      total 33280K, used 18725K [0x00000007ab800000, 0x00000007adb00000, 0x0000000800000000)
  eden space 30720K, 56% used [0x00000007ab800000,0x00000007ac8ed4b0,0x00000007ad600000)
  from space 2560K, 54% used [0x00000007ad880000,0x00000007ad9dc050,0x00000007adb00000)
  to   space 2560K, 0% used [0x00000007ad600000,0x00000007ad600000,0x00000007ad880000)
 ParOldGen       total 173056K, used 67333K [0x0000000702800000, 0x000000070d100000, 0x00000007ab800000)
  object space 173056K, 38% used [0x0000000702800000,0x00000007069c1570,0x000000070d100000)
 PSPermGen       total 25088K, used 24935K [0x00000006fd600000, 0x00000006fee80000, 0x0000000702800000)
  object space 25088K, 99% used [0x00000006fd600000,0x00000006fee59d28,0x00000006fee80000)
GC Heap History (10 events):
Event: 286.387 GC heap before
{Heap before GC invocations=172 (full 0):
 PSYoungGen      total 33280K, used 31959K [0x00000007ab800000, 0x00000007ada80000, 0x0000000800000000)
  eden space 31232K, 99% used [0x00000007ab800000,0x00000007ad65a408,0x00000007ad680000)
  from space 2048K, 42% used [0x00000007ad680000,0x00000007ad75b830,0x00000007ad880000)
  to   space 2048K, 0% used [0x00000007ad880000,0x00000007ad880000,0x00000007ada80000)
 ParOldGen       total 173056K, used 65529K [0x0000000702800000, 0x000000070d100000, 0x00000007ab800000)
  object space 173056K, 37% used [0x0000000702800000,0x00000007067fe510,0x000000070d100000)
 PSPermGen       total 25088K, used 24931K [0x00000006fd600000, 0x00000006fee80000, 0x0000000702800000)
  object space 25088K, 99% used [0x00000006fd600000,0x00000006fee58ca0,0x00000006fee80000)
Event: 286.389 GC heap after
Heap after GC invocations=172 (full 0):
 PSYoungGen      total 32768K, used 2035K [0x00000007ab800000, 0x00000007adb80000, 0x0000000800000000)
  eden space 30720K, 0% used [0x00000007ab800000,0x00000007ab800000,0x00000007ad600000)
  from space 2048K, 99% used [0x00000007ad880000,0x00000007ada7cc70,0x00000007ada80000)
  to   space 2560K, 0% used [0x00000007ad600000,0x00000007ad600000,0x00000007ad880000)
 ParOldGen       total 173056K, used 65893K [0x0000000702800000, 0x000000070d100000, 0x00000007ab800000)
  object space 173056K, 38% used [0x0000000702800000,0x0000000706859520,0x000000070d100000)
 PSPermGen       total 25088K, used 24931K [0x00000006fd600000, 0x00000006fee80000, 0x0000000702800000)
  object space 25088K, 99% used [0x00000006fd600000,0x00000006fee58ca0,0x00000006fee80000)
}
Event: 287.744 GC heap before
{Heap before GC invocations=173 (full 0):
 PSYoungGen      total 32768K, used 32747K [0x00000007ab800000, 0x00000007adb80000, 0x0000000800000000)
  eden space 30720K, 99% used [0x00000007ab800000,0x00000007ad5fe1d0,0x00000007ad600000)
  from space 2048K, 99% used [0x00000007ad880000,0x00000007ada7cc70,0x00000007ada80000)
  to   space 2560K, 0% used [0x00000007ad600000,0x00000007ad600000,0x00000007ad880000)
 ParOldGen       total 173056K, used 65893K [0x0000000702800000, 0x000000070d100000, 0x00000007ab800000)
  object space 173056K, 38% used [0x0000000702800000,0x0000000706859520,0x000000070d100000)
 PSPermGen       total 25088K, used 24931K [0x00000006fd600000, 0x00000006fee80000, 0x0000000702800000)
  object space 25088K, 99% used [0x00000006fd600000,0x00000006fee58cc0,0x00000006fee80000)
Event: 287.745 GC heap after
Heap after GC invocations=173 (full 0):
 PSYoungGen      total 33280K, used 942K [0x00000007ab800000, 0x00000007adb00000, 0x0000000800000000)
  eden space 30720K, 0% used [0x00000007ab800000,0x00000007ab800000,0x00000007ad600000)
  from space 2560K, 36% used [0x00000007ad600000,0x00000007ad6eb830,0x00000007ad880000)
  to   space 2560K, 0% used [0x00000007ad880000,0x00000007ad880000,0x00000007adb00000)
 ParOldGen       total 173056K, used 66249K [0x0000000702800000, 0x000000070d100000, 0x00000007ab800000)
  object space 173056K, 38% used [0x0000000702800000,0x00000007068b2530,0x000000070d100000)
 PSPermGen       total 25088K, used 24931K [0x00000006fd600000, 0x00000006fee80000, 0x0000000702800000)
  object space 25088K, 99% used [0x00000006fd600000,0x00000006fee58cc0,0x00000006fee80000)
}
Event: 289.035 GC heap before
{Heap before GC invocations=174 (full 0):
 PSYoungGen      total 33280K, used 31491K [0x00000007ab800000, 0x00000007adb00000, 0x0000000800000000)
  eden space 30720K, 99% used [0x00000007ab800000,0x00000007ad5d5570,0x00000007ad600000)
  from space 2560K, 36% used [0x00000007ad600000,0x00000007ad6eb830,0x00000007ad880000)
  to   space 2560K, 0% used [0x00000007ad880000,0x00000007ad880000,0x00000007adb00000)
 ParOldGen       total 173056K, used 66249K [0x0000000702800000, 0x000000070d100000, 0x00000007ab800000)
  object space 173056K, 38% used [0x0000000702800000,0x00000007068b2530,0x000000070d100000)
 PSPermGen       total 25088K, used 24931K [0x00000006fd600000, 0x00000006fee80000, 0x0000000702800000)
  object space 25088K, 99% used [0x00000006fd600000,0x00000006fee58cc0,0x00000006fee80000)
Event: 289.037 GC heap after
Heap after GC invocations=174 (full 0):
 PSYoungGen      total 33280K, used 910K [0x00000007ab800000, 0x00000007adb00000, 0x0000000800000000)
  eden space 30720K, 0% used [0x00000007ab800000,0x00000007ab800000,0x00000007ad600000)
  from space 2560K, 35% used [0x00000007ad880000,0x00000007ad963830,0x00000007adb00000)
  to   space 2560K, 0% used [0x00000007ad600000,0x00000007ad600000,0x00000007ad880000)
 ParOldGen       total 173056K, used 66605K [0x0000000702800000, 0x000000070d100000, 0x00000007ab800000)
  object space 173056K, 38% used [0x0000000702800000,0x000000070690b540,0x000000070d100000)
 PSPermGen       total 25088K, used 24931K [0x00000006fd600000, 0x00000006fee80000, 0x0000000702800000)
  object space 25088K, 99% used [0x00000006fd600000,0x00000006fee58cc0,0x00000006fee80000)
}
Event: 290.344 GC heap before
{Heap before GC invocations=175 (full 0):
 PSYoungGen      total 33280K, used 31630K [0x00000007ab800000, 0x00000007adb00000, 0x0000000800000000)
  eden space 30720K, 100% used [0x00000007ab800000,0x00000007ad600000,0x00000007ad600000)
  from space 2560K, 35% used [0x00000007ad880000,0x00000007ad963830,0x00000007adb00000)
  to   space 2560K, 0% used [0x00000007ad600000,0x00000007ad600000,0x00000007ad880000)
 ParOldGen       total 173056K, used 66605K [0x0000000702800000, 0x000000070d100000, 0x00000007ab800000)
  object space 173056K, 38% used [0x0000000702800000,0x000000070690b540,0x000000070d100000)
 PSPermGen       total 25088K, used 24931K [0x00000006fd600000, 0x00000006fee80000, 0x0000000702800000)
  object space 25088K, 99% used [0x00000006fd600000,0x00000006fee58cc0,0x00000006fee80000)
Event: 290.345 GC heap after
Heap after GC invocations=175 (full 0):
 PSYoungGen      total 33280K, used 974K [0x00000007ab800000, 0x00000007adb00000, 0x0000000800000000)
  eden space 30720K, 0% used [0x00000007ab800000,0x00000007ab800000,0x00000007ad600000)
  from space 2560K, 38% used [0x00000007ad600000,0x00000007ad6f3830,0x00000007ad880000)
  to   space 2560K, 0% used [0x00000007ad880000,0x00000007ad880000,0x00000007adb00000)
 ParOldGen       total 173056K, used 66961K [0x0000000702800000, 0x000000070d100000, 0x00000007ab800000)
  object space 173056K, 38% used [0x0000000702800000,0x0000000706964550,0x000000070d100000)
 PSPermGen       total 25088K, used 24931K [0x00000006fd600000, 0x00000006fee80000, 0x0000000702800000)
  object space 25088K, 99% used [0x00000006fd600000,0x00000006fee58cc0,0x00000006fee80000)
}
Event: 291.620 GC heap before
{Heap before GC invocations=176 (full 0):
 PSYoungGen      total 33280K, used 31515K [0x00000007ab800000, 0x00000007adb00000, 0x0000000800000000)
  eden space 30720K, 99% used [0x00000007ab800000,0x00000007ad5d3690,0x00000007ad600000)
  from space 2560K, 38% used [0x00000007ad600000,0x00000007ad6f3830,0x00000007ad880000)
  to   space 2560K, 0% used [0x00000007ad880000,0x00000007ad880000,0x00000007adb00000)
 ParOldGen       total 173056K, used 66961K [0x0000000702800000, 0x000000070d100000, 0x00000007ab800000)
  object space 173056K, 38% used [0x0000000702800000,0x0000000706964550,0x000000070d100000)
 PSPermGen       total 25088K, used 24931K [0x00000006fd600000, 0x00000006fee80000, 0x0000000702800000)
  object space 25088K, 99% used [0x00000006fd600000,0x00000006fee58cc0,0x00000006fee80000)
Event: 291.622 GC heap after
Heap after GC invocations=176 (full 0):
 PSYoungGen      total 33280K, used 1392K [0x00000007ab800000, 0x00000007adb00000, 0x0000000800000000)
  eden space 30720K, 0% used [0x00000007ab800000,0x00000007ab800000,0x00000007ad600000)
  from space 2560K, 54% used [0x00000007ad880000,0x00000007ad9dc050,0x00000007adb00000)
  to   space 2560K, 0% used [0x00000007ad600000,0x00000007ad600000,0x00000007ad880000)
 ParOldGen       total 173056K, used 67333K [0x0000000702800000, 0x000000070d100000, 0x00000007ab800000)
  object space 173056K, 38% used [0x0000000702800000,0x00000007069c1570,0x000000070d100000)
 PSPermGen       total 25088K, used 24931K [0x00000006fd600000, 0x00000006fee80000, 0x0000000702800000)
  object space 25088K, 99% used [0x00000006fd600000,0x00000006fee58cc0,0x00000006fee80000)
}

