# JRE version: Java(TM) SE Runtime Environment (7.0_79-b15) (build 1.7.0_79-b15)
# Java VM: Java HotSpot(TM) 64-Bit Server VM (24.79-b02 mixed mode windows-amd64 compressed oops)
Heap
 PSYoungGen      total 66048K, used 38768K [0x00000007ab800000, 0x00000007b0180000, 0x0000000800000000)
  eden space 57856K, 61% used [0x00000007ab800000,0x00000007adad88b8,0x00000007af080000)
  from space 8192K, 37% used [0x00000007af980000,0x00000007afc83990,0x00000007b0180000)
  to   space 8704K, 0% used [0x00000007af080000,0x00000007af080000,0x00000007af900000)
 ParOldGen       total 173056K, used 5699K [0x0000000702800000, 0x000000070d100000, 0x00000007ab800000)
  object space 173056K, 3% used [0x0000000702800000,0x0000000702d90de8,0x000000070d100000)
 PSPermGen       total 25600K, used 25260K [0x00000006fd600000, 0x00000006fef00000, 0x0000000702800000)
  object space 25600K, 98% used [0x00000006fd600000,0x00000006feeab0c0,0x00000006fef00000)
GC Heap History (10 events):
Event: 30.755 GC heap before
{Heap before GC invocations=6 (full 0):
 PSYoungGen      total 70144K, used 69926K [0x00000007ab800000, 0x00000007b0400000, 0x0000000800000000)
  eden space 63488K, 99% used [0x00000007ab800000,0x00000007af5e1810,0x00000007af600000)
  from space 6656K, 98% used [0x00000007af780000,0x00000007afde81c8,0x00000007afe00000)
  to   space 6144K, 0% used [0x00000007afe00000,0x00000007afe00000,0x00000007b0400000)
 ParOldGen       total 173056K, used 24K [0x0000000702800000, 0x000000070d100000, 0x00000007ab800000)
  object space 173056K, 0% used [0x0000000702800000,0x0000000702806000,0x000000070d100000)
 PSPermGen       total 25600K, used 25180K [0x00000006fd600000, 0x00000006fef00000, 0x0000000702800000)
  object space 25600K, 98% used [0x00000006fd600000,0x00000006fee97228,0x00000006fef00000)
Event: 30.763 GC heap after
Heap after GC invocations=6 (full 0):
 PSYoungGen      total 68096K, used 6132K [0x00000007ab800000, 0x00000007b0400000, 0x0000000800000000)
  eden space 61952K, 0% used [0x00000007ab800000,0x00000007ab800000,0x00000007af480000)
  from space 6144K, 99% used [0x00000007afe00000,0x00000007b03fd290,0x00000007b0400000)
  to   space 7168K, 0% used [0x00000007af600000,0x00000007af600000,0x00000007afd00000)
 ParOldGen       total 173056K, used 192K [0x0000000702800000, 0x000000070d100000, 0x00000007ab800000)
  object space 173056K, 0% used [0x0000000702800000,0x0000000702830000,0x000000070d100000)
 PSPermGen       total 25600K, used 25180K [0x00000006fd600000, 0x00000006fef00000, 0x0000000702800000)
  object space 25600K, 98% used [0x00000006fd600000,0x00000006fee97228,0x00000006fef00000)
}
Event: 33.299 GC heap before
{Heap before GC invocations=7 (full 0):
 PSYoungGen      total 68096K, used 67931K [0x00000007ab800000, 0x00000007b0400000, 0x0000000800000000)
  eden space 61952K, 99% used [0x00000007ab800000,0x00000007af459b78,0x00000007af480000)
  from space 6144K, 99% used [0x00000007afe00000,0x00000007b03fd290,0x00000007b0400000)
  to   space 7168K, 0% used [0x00000007af600000,0x00000007af600000,0x00000007afd00000)
 ParOldGen       total 173056K, used 192K [0x0000000702800000, 0x000000070d100000, 0x00000007ab800000)
  object space 173056K, 0% used [0x0000000702800000,0x0000000702830000,0x000000070d100000)
 PSPermGen       total 25600K, used 25200K [0x00000006fd600000, 0x00000006fef00000, 0x0000000702800000)
  object space 25600K, 98% used [0x00000006fd600000,0x00000006fee9c360,0x00000006fef00000)
Event: 33.308 GC heap after
Heap after GC invocations=7 (full 0):
 PSYoungGen      total 64512K, used 3150K [0x00000007ab800000, 0x00000007b0280000, 0x0000000800000000)
  eden space 60928K, 0% used [0x00000007ab800000,0x00000007ab800000,0x00000007af380000)
  from space 3584K, 87% used [0x00000007af600000,0x00000007af913990,0x00000007af980000)
  to   space 7680K, 0% used [0x00000007afb00000,0x00000007afb00000,0x00000007b0280000)
 ParOldGen       total 173056K, used 5427K [0x0000000702800000, 0x000000070d100000, 0x00000007ab800000)
  object space 173056K, 3% used [0x0000000702800000,0x0000000702d4cdd8,0x000000070d100000)
 PSPermGen       total 25600K, used 25200K [0x00000006fd600000, 0x00000006fef00000, 0x0000000702800000)
  object space 25600K, 98% used [0x00000006fd600000,0x00000006fee9c360,0x00000006fef00000)
}
Event: 35.893 GC heap before
{Heap before GC invocations=8 (full 0):
 PSYoungGen      total 64512K, used 63865K [0x00000007ab800000, 0x00000007b0280000, 0x0000000800000000)
  eden space 60928K, 99% used [0x00000007ab800000,0x00000007af34acf8,0x00000007af380000)
  from space 3584K, 87% used [0x00000007af600000,0x00000007af913990,0x00000007af980000)
  to   space 7680K, 0% used [0x00000007afb00000,0x00000007afb00000,0x00000007b0280000)
 ParOldGen       total 173056K, used 5427K [0x0000000702800000, 0x000000070d100000, 0x00000007ab800000)
  object space 173056K, 3% used [0x0000000702800000,0x0000000702d4cdd8,0x000000070d100000)
 PSPermGen       total 25600K, used 25225K [0x00000006fd600000, 0x00000006fef00000, 0x0000000702800000)
  object space 25600K, 98% used [0x00000006fd600000,0x00000006feea25f8,0x00000006fef00000)
Event: 35.894 GC heap after
Heap after GC invocations=8 (full 0):
 PSYoungGen      total 67584K, used 3514K [0x00000007ab800000, 0x00000007b0280000, 0x0000000800000000)
  eden space 59904K, 0% used [0x00000007ab800000,0x00000007ab800000,0x00000007af280000)
  from space 7680K, 45% used [0x00000007afb00000,0x00000007afe6e9c0,0x00000007b0280000)
  to   space 8192K, 0% used [0x00000007af280000,0x00000007af280000,0x00000007afa80000)
 ParOldGen       total 173056K, used 5451K [0x0000000702800000, 0x000000070d100000, 0x00000007ab800000)
  object space 173056K, 3% used [0x0000000702800000,0x0000000702d52dd8,0x000000070d100000)
 PSPermGen       total 25600K, used 25225K [0x00000006fd600000, 0x00000006fef00000, 0x0000000702800000)
  object space 25600K, 98% used [0x00000006fd600000,0x00000006feea25f8,0x00000006fef00000)
}
Event: 38.675 GC heap before
{Heap before GC invocations=9 (full 0):
 PSYoungGen      total 67584K, used 63418K [0x00000007ab800000, 0x00000007b0280000, 0x0000000800000000)
  eden space 59904K, 100% used [0x00000007ab800000,0x00000007af280000,0x00000007af280000)
  from space 7680K, 45% used [0x00000007afb00000,0x00000007afe6e9c0,0x00000007b0280000)
  to   space 8192K, 0% used [0x00000007af280000,0x00000007af280000,0x00000007afa80000)
 ParOldGen       total 173056K, used 5451K [0x0000000702800000, 0x000000070d100000, 0x00000007ab800000)
  object space 173056K, 3% used [0x0000000702800000,0x0000000702d52dd8,0x000000070d100000)
 PSPermGen       total 25600K, used 25236K [0x00000006fd600000, 0x00000006fef00000, 0x0000000702800000)
  object space 25600K, 98% used [0x00000006fd600000,0x00000006feea5028,0x00000006fef00000)
Event: 38.677 GC heap after
Heap after GC invocations=9 (full 0):
 PSYoungGen      total 62464K, used 3198K [0x00000007ab800000, 0x00000007b0180000, 0x0000000800000000)
  eden space 58880K, 0% used [0x00000007ab800000,0x00000007ab800000,0x00000007af180000)
  from space 3584K, 89% used [0x00000007af280000,0x00000007af59f9a0,0x00000007af600000)
  to   space 8192K, 0% used [0x00000007af980000,0x00000007af980000,0x00000007b0180000)
 ParOldGen       total 173056K, used 5531K [0x0000000702800000, 0x000000070d100000, 0x00000007ab800000)
  object space 173056K, 3% used [0x0000000702800000,0x0000000702d66de8,0x000000070d100000)
 PSPermGen       total 25600K, used 25236K [0x00000006fd600000, 0x00000006fef00000, 0x0000000702800000)
  object space 25600K, 98% used [0x00000006fd600000,0x00000006feea5028,0x00000006fef00000)
}
Event: 41.554 GC heap before
{Heap before GC invocations=10 (full 0):
 PSYoungGen      total 62464K, used 61949K [0x00000007ab800000, 0x00000007b0180000, 0x0000000800000000)
  eden space 58880K, 99% used [0x00000007ab800000,0x00000007af15faf8,0x00000007af180000)
  from space 3584K, 89% used [0x00000007af280000,0x00000007af59f9a0,0x00000007af600000)
  to   space 8192K, 0% used [0x00000007af980000,0x00000007af980000,0x00000007b0180000)
 ParOldGen       total 173056K, used 5531K [0x0000000702800000, 0x000000070d100000, 0x00000007ab800000)
  object space 173056K, 3% used [0x0000000702800000,0x0000000702d66de8,0x000000070d100000)
 PSPermGen       total 25600K, used 25255K [0x00000006fd600000, 0x00000006fef00000, 0x0000000702800000)
  object space 25600K, 98% used [0x00000006fd600000,0x00000006feea9df0,0x00000006fef00000)
Event: 41.559 GC heap after
Heap after GC invocations=10 (full 0):
 PSYoungGen      total 66048K, used 3086K [0x00000007ab800000, 0x00000007b0180000, 0x0000000800000000)
  eden space 57856K, 0% used [0x00000007ab800000,0x00000007ab800000,0x00000007af080000)
  from space 8192K, 37% used [0x00000007af980000,0x00000007afc83990,0x00000007b0180000)
  to   space 8704K, 0% used [0x00000007af080000,0x00000007af080000,0x00000007af900000)
 ParOldGen       total 173056K, used 5699K [0x0000000702800000, 0x000000070d100000, 0x00000007ab800000)
  object space 173056K, 3% used [0x0000000702800000,0x0000000702d90de8,0x000000070d100000)
 PSPermGen       total 25600K, used 25255K [0x00000006fd600000, 0x00000006fef00000, 0x0000000702800000)
  object space 25600K, 98% used [0x00000006fd600000,0x00000006feea9df0,0x00000006fef00000)
}

