# JRE version: Java(TM) SE Runtime Environment (7.0_79-b15) (build 1.7.0_79-b15)
# Java VM: Java HotSpot(TM) 64-Bit Server VM (24.79-b02 mixed mode windows-amd64 compressed oops)
Heap
 PSYoungGen      total 70656K, used 41477K [0x00000007ab800000, 0x00000007b0500000, 0x0000000800000000)
  eden space 63488K, 54% used [0x00000007ab800000,0x00000007ad9c6498,0x00000007af600000)
  from space 7168K, 96% used [0x00000007af780000,0x00000007afe3b1b0,0x00000007afe80000)
  to   space 6656K, 0% used [0x00000007afe80000,0x00000007afe80000,0x00000007b0500000)
 ParOldGen       total 173056K, used 32K [0x0000000702800000, 0x000000070d100000, 0x00000007ab800000)
  object space 173056K, 0% used [0x0000000702800000,0x0000000702808000,0x000000070d100000)
 PSPermGen       total 26112K, used 25680K [0x00000006fd600000, 0x00000006fef80000, 0x0000000702800000)
  object space 26112K, 98% used [0x00000006fd600000,0x00000006fef141d0,0x00000006fef80000)
GC Heap History (10 events):
Event: 278.964 GC heap before
{Heap before GC invocations=1 (full 0):
 PSYoungGen      total 75776K, used 65024K [0x00000007ab800000, 0x00000007b0c80000, 0x0000000800000000)
  eden space 65024K, 100% used [0x00000007ab800000,0x00000007af780000,0x00000007af780000)
  from space 10752K, 0% used [0x00000007b0200000,0x00000007b0200000,0x00000007b0c80000)
  to   space 10752K, 0% used [0x00000007af780000,0x00000007af780000,0x00000007b0200000)
 ParOldGen       total 173056K, used 0K [0x0000000702800000, 0x000000070d100000, 0x00000007ab800000)
  object space 173056K, 0% used [0x0000000702800000,0x0000000702800000,0x000000070d100000)
 PSPermGen       total 21504K, used 17818K [0x00000006fd600000, 0x00000006feb00000, 0x0000000702800000)
  object space 21504K, 82% used [0x00000006fd600000,0x00000006fe7669e8,0x00000006feb00000)
Event: 278.975 GC heap after
Heap after GC invocations=1 (full 0):
 PSYoungGen      total 75776K, used 6088K [0x00000007ab800000, 0x00000007b0c80000, 0x0000000800000000)
  eden space 65024K, 0% used [0x00000007ab800000,0x00000007ab800000,0x00000007af780000)
  from space 10752K, 56% used [0x00000007af780000,0x00000007afd72240,0x00000007b0200000)
  to   space 10752K, 0% used [0x00000007b0200000,0x00000007b0200000,0x00000007b0c80000)
 ParOldGen       total 173056K, used 8K [0x0000000702800000, 0x000000070d100000, 0x00000007ab800000)
  object space 173056K, 0% used [0x0000000702800000,0x0000000702802000,0x000000070d100000)
 PSPermGen       total 21504K, used 17818K [0x00000006fd600000, 0x00000006feb00000, 0x0000000702800000)
  object space 21504K, 82% used [0x00000006fd600000,0x00000006fe7669e8,0x00000006feb00000)
}
Event: 282.264 GC heap before
{Heap before GC invocations=2 (full 0):
 PSYoungGen      total 75776K, used 70988K [0x00000007ab800000, 0x00000007b0c80000, 0x0000000800000000)
  eden space 65024K, 99% used [0x00000007ab800000,0x00000007af760e28,0x00000007af780000)
  from space 10752K, 56% used [0x00000007af780000,0x00000007afd72240,0x00000007b0200000)
  to   space 10752K, 0% used [0x00000007b0200000,0x00000007b0200000,0x00000007b0c80000)
 ParOldGen       total 173056K, used 8K [0x0000000702800000, 0x000000070d100000, 0x00000007ab800000)
  object space 173056K, 0% used [0x0000000702800000,0x0000000702802000,0x000000070d100000)
 PSPermGen       total 21504K, used 19933K [0x00000006fd600000, 0x00000006feb00000, 0x0000000702800000)
  object space 21504K, 92% used [0x00000006fd600000,0x00000006fe977428,0x00000006feb00000)
Event: 282.270 GC heap after
Heap after GC invocations=2 (full 0):
 PSYoungGen      total 75776K, used 5991K [0x00000007ab800000, 0x00000007b0c80000, 0x0000000800000000)
  eden space 65024K, 0% used [0x00000007ab800000,0x00000007ab800000,0x00000007af780000)
  from space 10752K, 55% used [0x00000007b0200000,0x00000007b07d9d08,0x00000007b0c80000)
  to   space 10752K, 0% used [0x00000007af780000,0x00000007af780000,0x00000007b0200000)
 ParOldGen       total 173056K, used 16K [0x0000000702800000, 0x000000070d100000, 0x00000007ab800000)
  object space 173056K, 0% used [0x0000000702800000,0x0000000702804000,0x000000070d100000)
 PSPermGen       total 21504K, used 19933K [0x00000006fd600000, 0x00000006feb00000, 0x0000000702800000)
  object space 21504K, 92% used [0x00000006fd600000,0x00000006fe977428,0x00000006feb00000)
}
Event: 284.872 GC heap before
{Heap before GC invocations=3 (full 0):
 PSYoungGen      total 75776K, used 70798K [0x00000007ab800000, 0x00000007b0c80000, 0x0000000800000000)
  eden space 65024K, 99% used [0x00000007ab800000,0x00000007af749e00,0x00000007af780000)
  from space 10752K, 55% used [0x00000007b0200000,0x00000007b07d9d08,0x00000007b0c80000)
  to   space 10752K, 0% used [0x00000007af780000,0x00000007af780000,0x00000007b0200000)
 ParOldGen       total 173056K, used 16K [0x0000000702800000, 0x000000070d100000, 0x00000007ab800000)
  object space 173056K, 0% used [0x0000000702800000,0x0000000702804000,0x000000070d100000)
 PSPermGen       total 21504K, used 19942K [0x00000006fd600000, 0x00000006feb00000, 0x0000000702800000)
  object space 21504K, 92% used [0x00000006fd600000,0x00000006fe9798f8,0x00000006feb00000)
Event: 284.877 GC heap after
Heap after GC invocations=3 (full 0):
 PSYoungGen      total 75776K, used 5733K [0x00000007ab800000, 0x00000007b0c80000, 0x0000000800000000)
  eden space 65024K, 0% used [0x00000007ab800000,0x00000007ab800000,0x00000007af780000)
  from space 10752K, 53% used [0x00000007af780000,0x00000007afd19638,0x00000007b0200000)
  to   space 10752K, 0% used [0x00000007b0200000,0x00000007b0200000,0x00000007b0c80000)
 ParOldGen       total 173056K, used 24K [0x0000000702800000, 0x000000070d100000, 0x00000007ab800000)
  object space 173056K, 0% used [0x0000000702800000,0x0000000702806000,0x000000070d100000)
 PSPermGen       total 21504K, used 19942K [0x00000006fd600000, 0x00000006feb00000, 0x0000000702800000)
  object space 21504K, 92% used [0x00000006fd600000,0x00000006fe9798f8,0x00000006feb00000)
}
Event: 287.330 GC heap before
{Heap before GC invocations=4 (full 0):
 PSYoungGen      total 75776K, used 70511K [0x00000007ab800000, 0x00000007b0c80000, 0x0000000800000000)
  eden space 65024K, 99% used [0x00000007ab800000,0x00000007af742748,0x00000007af780000)
  from space 10752K, 53% used [0x00000007af780000,0x00000007afd19638,0x00000007b0200000)
  to   space 10752K, 0% used [0x00000007b0200000,0x00000007b0200000,0x00000007b0c80000)
 ParOldGen       total 173056K, used 24K [0x0000000702800000, 0x000000070d100000, 0x00000007ab800000)
  object space 173056K, 0% used [0x0000000702800000,0x0000000702806000,0x000000070d100000)
 PSPermGen       total 25088K, used 24748K [0x00000006fd600000, 0x00000006fee80000, 0x0000000702800000)
  object space 25088K, 98% used [0x00000006fd600000,0x00000006fee2b2a0,0x00000006fee80000)
Event: 287.338 GC heap after
Heap after GC invocations=4 (full 0):
 PSYoungGen      total 75776K, used 6977K [0x00000007ab800000, 0x00000007b0c80000, 0x0000000800000000)
  eden space 65024K, 0% used [0x00000007ab800000,0x00000007ab800000,0x00000007af780000)
  from space 10752K, 64% used [0x00000007b0200000,0x00000007b08d0730,0x00000007b0c80000)
  to   space 10752K, 0% used [0x00000007af780000,0x00000007af780000,0x00000007b0200000)
 ParOldGen       total 173056K, used 32K [0x0000000702800000, 0x000000070d100000, 0x00000007ab800000)
  object space 173056K, 0% used [0x0000000702800000,0x0000000702808000,0x000000070d100000)
 PSPermGen       total 25088K, used 24748K [0x00000006fd600000, 0x00000006fee80000, 0x0000000702800000)
  object space 25088K, 98% used [0x00000006fd600000,0x00000006fee2b2a0,0x00000006fee80000)
}
Event: 289.948 GC heap before
{Heap before GC invocations=5 (full 0):
 PSYoungGen      total 75776K, used 71980K [0x00000007ab800000, 0x00000007b0c80000, 0x0000000800000000)
  eden space 65024K, 99% used [0x00000007ab800000,0x00000007af77ab40,0x00000007af780000)
  from space 10752K, 64% used [0x00000007b0200000,0x00000007b08d0730,0x00000007b0c80000)
  to   space 10752K, 0% used [0x00000007af780000,0x00000007af780000,0x00000007b0200000)
 ParOldGen       total 173056K, used 32K [0x0000000702800000, 0x000000070d100000, 0x00000007ab800000)
  object space 173056K, 0% used [0x0000000702800000,0x0000000702808000,0x000000070d100000)
 PSPermGen       total 26112K, used 25672K [0x00000006fd600000, 0x00000006fef80000, 0x0000000702800000)
  object space 26112K, 98% used [0x00000006fd600000,0x00000006fef120c8,0x00000006fef80000)
Event: 289.960 GC heap after
Heap after GC invocations=5 (full 0):
 PSYoungGen      total 70656K, used 6892K [0x00000007ab800000, 0x00000007b0500000, 0x0000000800000000)
  eden space 63488K, 0% used [0x00000007ab800000,0x00000007ab800000,0x00000007af600000)
  from space 7168K, 96% used [0x00000007af780000,0x00000007afe3b1b0,0x00000007afe80000)
  to   space 6656K, 0% used [0x00000007afe80000,0x00000007afe80000,0x00000007b0500000)
 ParOldGen       total 173056K, used 32K [0x0000000702800000, 0x000000070d100000, 0x00000007ab800000)
  object space 173056K, 0% used [0x0000000702800000,0x0000000702808000,0x000000070d100000)
 PSPermGen       total 26112K, used 25672K [0x00000006fd600000, 0x00000006fef80000, 0x0000000702800000)
  object space 26112K, 98% used [0x00000006fd600000,0x00000006fef120c8,0x00000006fef80000)
}

