# JRE version: Java(TM) SE Runtime Environment (7.0_79-b15) (build 1.7.0_79-b15)
# Java VM: Java HotSpot(TM) 64-Bit Server VM (24.79-b02 mixed mode windows-amd64 compressed oops)
Heap
 PSYoungGen      total 75776K, used 61230K [0x00000007ab800000, 0x00000007b0c80000, 0x0000000800000000)
  eden space 65024K, 83% used [0x00000007ab800000,0x00000007aed1b020,0x00000007af780000)
  from space 10752K, 63% used [0x00000007b0200000,0x00000007b08b0bb0,0x00000007b0c80000)
  to   space 10752K, 0% used [0x00000007af780000,0x00000007af780000,0x00000007b0200000)
 ParOldGen       total 173056K, used 24K [0x0000000702800000, 0x000000070d100000, 0x00000007ab800000)
  object space 173056K, 0% used [0x0000000702800000,0x0000000702806000,0x000000070d100000)
 PSPermGen       total 26112K, used 25938K [0x00000006fd600000, 0x00000006fef80000, 0x0000000702800000)
  object space 26112K, 99% used [0x00000006fd600000,0x00000006fef54870,0x00000006fef80000)
GC Heap History (8 events):
Event: 15.510 GC heap before
{Heap before GC invocations=1 (full 0):
 PSYoungGen      total 75776K, used 64980K [0x00000007ab800000, 0x00000007b0c80000, 0x0000000800000000)
  eden space 65024K, 99% used [0x00000007ab800000,0x00000007af775110,0x00000007af780000)
  from space 10752K, 0% used [0x00000007b0200000,0x00000007b0200000,0x00000007b0c80000)
  to   space 10752K, 0% used [0x00000007af780000,0x00000007af780000,0x00000007b0200000)
 ParOldGen       total 173056K, used 0K [0x0000000702800000, 0x000000070d100000, 0x00000007ab800000)
  object space 173056K, 0% used [0x0000000702800000,0x0000000702800000,0x000000070d100000)
 PSPermGen       total 21504K, used 18701K [0x00000006fd600000, 0x00000006feb00000, 0x0000000702800000)
  object space 21504K, 86% used [0x00000006fd600000,0x00000006fe843640,0x00000006feb00000)
Event: 15.520 GC heap after
Heap after GC invocations=1 (full 0):
 PSYoungGen      total 75776K, used 6892K [0x00000007ab800000, 0x00000007b0c80000, 0x0000000800000000)
  eden space 65024K, 0% used [0x00000007ab800000,0x00000007ab800000,0x00000007af780000)
  from space 10752K, 64% used [0x00000007af780000,0x00000007afe3b2f0,0x00000007b0200000)
  to   space 10752K, 0% used [0x00000007b0200000,0x00000007b0200000,0x00000007b0c80000)
 ParOldGen       total 173056K, used 8K [0x0000000702800000, 0x000000070d100000, 0x00000007ab800000)
  object space 173056K, 0% used [0x0000000702800000,0x0000000702802000,0x000000070d100000)
 PSPermGen       total 21504K, used 18701K [0x00000006fd600000, 0x00000006feb00000, 0x0000000702800000)
  object space 21504K, 86% used [0x00000006fd600000,0x00000006fe843640,0x00000006feb00000)
}
Event: 18.442 GC heap before
{Heap before GC invocations=2 (full 0):
 PSYoungGen      total 75776K, used 71916K [0x00000007ab800000, 0x00000007b0c80000, 0x0000000800000000)
  eden space 65024K, 100% used [0x00000007ab800000,0x00000007af780000,0x00000007af780000)
  from space 10752K, 64% used [0x00000007af780000,0x00000007afe3b2f0,0x00000007b0200000)
  to   space 10752K, 0% used [0x00000007b0200000,0x00000007b0200000,0x00000007b0c80000)
 ParOldGen       total 173056K, used 8K [0x0000000702800000, 0x000000070d100000, 0x00000007ab800000)
  object space 173056K, 0% used [0x0000000702800000,0x0000000702802000,0x000000070d100000)
 PSPermGen       total 26112K, used 25856K [0x00000006fd600000, 0x00000006fef80000, 0x0000000702800000)
  object space 26112K, 99% used [0x00000006fd600000,0x00000006fef40160,0x00000006fef80000)
Event: 18.451 GC heap after
Heap after GC invocations=2 (full 0):
 PSYoungGen      total 75776K, used 7360K [0x00000007ab800000, 0x00000007b0c80000, 0x0000000800000000)
  eden space 65024K, 0% used [0x00000007ab800000,0x00000007ab800000,0x00000007af780000)
  from space 10752K, 68% used [0x00000007b0200000,0x00000007b0930048,0x00000007b0c80000)
  to   space 10752K, 0% used [0x00000007af780000,0x00000007af780000,0x00000007b0200000)
 ParOldGen       total 173056K, used 16K [0x0000000702800000, 0x000000070d100000, 0x00000007ab800000)
  object space 173056K, 0% used [0x0000000702800000,0x0000000702804000,0x000000070d100000)
 PSPermGen       total 26112K, used 25856K [0x00000006fd600000, 0x00000006fef80000, 0x0000000702800000)
  object space 26112K, 99% used [0x00000006fd600000,0x00000006fef40160,0x00000006fef80000)
}
Event: 21.130 GC heap before
{Heap before GC invocations=3 (full 0):
 PSYoungGen      total 75776K, used 72340K [0x00000007ab800000, 0x00000007b0c80000, 0x0000000800000000)
  eden space 65024K, 99% used [0x00000007ab800000,0x00000007af7752d8,0x00000007af780000)
  from space 10752K, 68% used [0x00000007b0200000,0x00000007b0930048,0x00000007b0c80000)
  to   space 10752K, 0% used [0x00000007af780000,0x00000007af780000,0x00000007b0200000)
 ParOldGen       total 173056K, used 16K [0x0000000702800000, 0x000000070d100000, 0x00000007ab800000)
  object space 173056K, 0% used [0x0000000702800000,0x0000000702804000,0x000000070d100000)
 PSPermGen       total 26112K, used 25895K [0x00000006fd600000, 0x00000006fef80000, 0x0000000702800000)
  object space 26112K, 99% used [0x00000006fd600000,0x00000006fef49c78,0x00000006fef80000)
Event: 21.138 GC heap after
Heap after GC invocations=3 (full 0):
 PSYoungGen      total 75776K, used 7050K [0x00000007ab800000, 0x00000007b0c80000, 0x0000000800000000)
  eden space 65024K, 0% used [0x00000007ab800000,0x00000007ab800000,0x00000007af780000)
  from space 10752K, 65% used [0x00000007af780000,0x00000007afe62ac8,0x00000007b0200000)
  to   space 10752K, 0% used [0x00000007b0200000,0x00000007b0200000,0x00000007b0c80000)
 ParOldGen       total 173056K, used 24K [0x0000000702800000, 0x000000070d100000, 0x00000007ab800000)
  object space 173056K, 0% used [0x0000000702800000,0x0000000702806000,0x000000070d100000)
 PSPermGen       total 26112K, used 25895K [0x00000006fd600000, 0x00000006fef80000, 0x0000000702800000)
  object space 26112K, 99% used [0x00000006fd600000,0x00000006fef49c78,0x00000006fef80000)
}
Event: 23.861 GC heap before
{Heap before GC invocations=4 (full 0):
 PSYoungGen      total 75776K, used 71968K [0x00000007ab800000, 0x00000007b0c80000, 0x0000000800000000)
  eden space 65024K, 99% used [0x00000007ab800000,0x00000007af7658e0,0x00000007af780000)
  from space 10752K, 65% used [0x00000007af780000,0x00000007afe62ac8,0x00000007b0200000)
  to   space 10752K, 0% used [0x00000007b0200000,0x00000007b0200000,0x00000007b0c80000)
 ParOldGen       total 173056K, used 24K [0x0000000702800000, 0x000000070d100000, 0x00000007ab800000)
  object space 173056K, 0% used [0x0000000702800000,0x0000000702806000,0x000000070d100000)
 PSPermGen       total 26112K, used 25913K [0x00000006fd600000, 0x00000006fef80000, 0x0000000702800000)
  object space 26112K, 99% used [0x00000006fd600000,0x00000006fef4e7f8,0x00000006fef80000)
Event: 23.869 GC heap after
Heap after GC invocations=4 (full 0):
 PSYoungGen      total 75776K, used 6850K [0x00000007ab800000, 0x00000007b0c80000, 0x0000000800000000)
  eden space 65024K, 0% used [0x00000007ab800000,0x00000007ab800000,0x00000007af780000)
  from space 10752K, 63% used [0x00000007b0200000,0x00000007b08b0bb0,0x00000007b0c80000)
  to   space 10752K, 0% used [0x00000007af780000,0x00000007af780000,0x00000007b0200000)
 ParOldGen       total 173056K, used 24K [0x0000000702800000, 0x000000070d100000, 0x00000007ab800000)
  object space 173056K, 0% used [0x0000000702800000,0x0000000702806000,0x000000070d100000)
 PSPermGen       total 26112K, used 25913K [0x00000006fd600000, 0x00000006fef80000, 0x0000000702800000)
  object space 26112K, 99% used [0x00000006fd600000,0x00000006fef4e7f8,0x00000006fef80000)
}

