# JRE version: Java(TM) SE Runtime Environment (7.0_79-b15) (build 1.7.0_79-b15)
# Java VM: Java HotSpot(TM) 64-Bit Server VM (24.79-b02 mixed mode windows-amd64 compressed oops)
Heap
 PSYoungGen      total 75776K, used 15217K [0x00000007ab800000, 0x00000007b0c80000, 0x0000000800000000)
  eden space 65024K, 11% used [0x00000007ab800000,0x00000007abf67718,0x00000007af780000)
  from space 10752K, 71% used [0x00000007b0200000,0x00000007b0974d68,0x00000007b0c80000)
  to   space 10752K, 0% used [0x00000007af780000,0x00000007af780000,0x00000007b0200000)
 ParOldGen       total 173056K, used 16K [0x0000000702800000, 0x000000070d100000, 0x00000007ab800000)
  object space 173056K, 0% used [0x0000000702800000,0x0000000702804000,0x000000070d100000)
 PSPermGen       total 26112K, used 25729K [0x00000006fd600000, 0x00000006fef80000, 0x0000000702800000)
  object space 26112K, 98% used [0x00000006fd600000,0x00000006fef20550,0x00000006fef80000)
GC Heap History (8 events):
Event: 200.163 GC heap before
{Heap before GC invocations=1 (full 0):
 PSYoungGen      total 75776K, used 65024K [0x00000007ab800000, 0x00000007b0c80000, 0x0000000800000000)
  eden space 65024K, 100% used [0x00000007ab800000,0x00000007af780000,0x00000007af780000)
  from space 10752K, 0% used [0x00000007b0200000,0x00000007b0200000,0x00000007b0c80000)
  to   space 10752K, 0% used [0x00000007af780000,0x00000007af780000,0x00000007b0200000)
 ParOldGen       total 173056K, used 0K [0x0000000702800000, 0x000000070d100000, 0x00000007ab800000)
  object space 173056K, 0% used [0x0000000702800000,0x0000000702800000,0x000000070d100000)
 PSPermGen       total 21504K, used 18370K [0x00000006fd600000, 0x00000006feb00000, 0x0000000702800000)
  object space 21504K, 85% used [0x00000006fd600000,0x00000006fe7f0b88,0x00000006feb00000)
Event: 200.175 GC heap after
Heap after GC invocations=1 (full 0):
 PSYoungGen      total 75776K, used 7160K [0x00000007ab800000, 0x00000007b0c80000, 0x0000000800000000)
  eden space 65024K, 0% used [0x00000007ab800000,0x00000007ab800000,0x00000007af780000)
  from space 10752K, 66% used [0x00000007af780000,0x00000007afe7e028,0x00000007b0200000)
  to   space 10752K, 0% used [0x00000007b0200000,0x00000007b0200000,0x00000007b0c80000)
 ParOldGen       total 173056K, used 8K [0x0000000702800000, 0x000000070d100000, 0x00000007ab800000)
  object space 173056K, 0% used [0x0000000702800000,0x0000000702802000,0x000000070d100000)
 PSPermGen       total 21504K, used 18370K [0x00000006fd600000, 0x00000006feb00000, 0x0000000702800000)
  object space 21504K, 85% used [0x00000006fd600000,0x00000006fe7f0b88,0x00000006feb00000)
}
Event: 203.845 GC heap before
{Heap before GC invocations=2 (full 0):
 PSYoungGen      total 75776K, used 72034K [0x00000007ab800000, 0x00000007b0c80000, 0x0000000800000000)
  eden space 65024K, 99% used [0x00000007ab800000,0x00000007af75aa88,0x00000007af780000)
  from space 10752K, 66% used [0x00000007af780000,0x00000007afe7e028,0x00000007b0200000)
  to   space 10752K, 0% used [0x00000007b0200000,0x00000007b0200000,0x00000007b0c80000)
 ParOldGen       total 173056K, used 8K [0x0000000702800000, 0x000000070d100000, 0x00000007ab800000)
  object space 173056K, 0% used [0x0000000702800000,0x0000000702802000,0x000000070d100000)
 PSPermGen       total 26112K, used 25678K [0x00000006fd600000, 0x00000006fef80000, 0x0000000702800000)
  object space 26112K, 98% used [0x00000006fd600000,0x00000006fef13b88,0x00000006fef80000)
Event: 203.855 GC heap after
Heap after GC invocations=2 (full 0):
 PSYoungGen      total 75776K, used 7372K [0x00000007ab800000, 0x00000007b0c80000, 0x0000000800000000)
  eden space 65024K, 0% used [0x00000007ab800000,0x00000007ab800000,0x00000007af780000)
  from space 10752K, 68% used [0x00000007b0200000,0x00000007b09331b0,0x00000007b0c80000)
  to   space 10752K, 0% used [0x00000007af780000,0x00000007af780000,0x00000007b0200000)
 ParOldGen       total 173056K, used 16K [0x0000000702800000, 0x000000070d100000, 0x00000007ab800000)
  object space 173056K, 0% used [0x0000000702800000,0x0000000702804000,0x000000070d100000)
 PSPermGen       total 26112K, used 25678K [0x00000006fd600000, 0x00000006fef80000, 0x0000000702800000)
  object space 26112K, 98% used [0x00000006fd600000,0x00000006fef13b88,0x00000006fef80000)
}
Event: 206.498 GC heap before
{Heap before GC invocations=3 (full 0):
 PSYoungGen      total 75776K, used 72192K [0x00000007ab800000, 0x00000007b0c80000, 0x0000000800000000)
  eden space 65024K, 99% used [0x00000007ab800000,0x00000007af74d178,0x00000007af780000)
  from space 10752K, 68% used [0x00000007b0200000,0x00000007b09331b0,0x00000007b0c80000)
  to   space 10752K, 0% used [0x00000007af780000,0x00000007af780000,0x00000007b0200000)
 ParOldGen       total 173056K, used 16K [0x0000000702800000, 0x000000070d100000, 0x00000007ab800000)
  object space 173056K, 0% used [0x0000000702800000,0x0000000702804000,0x000000070d100000)
 PSPermGen       total 26112K, used 25718K [0x00000006fd600000, 0x00000006fef80000, 0x0000000702800000)
  object space 26112K, 98% used [0x00000006fd600000,0x00000006fef1da10,0x00000006fef80000)
Event: 206.508 GC heap after
Heap after GC invocations=3 (full 0):
 PSYoungGen      total 75776K, used 7181K [0x00000007ab800000, 0x00000007b0c80000, 0x0000000800000000)
  eden space 65024K, 0% used [0x00000007ab800000,0x00000007ab800000,0x00000007af780000)
  from space 10752K, 66% used [0x00000007af780000,0x00000007afe83778,0x00000007b0200000)
  to   space 10752K, 0% used [0x00000007b0200000,0x00000007b0200000,0x00000007b0c80000)
 ParOldGen       total 173056K, used 16K [0x0000000702800000, 0x000000070d100000, 0x00000007ab800000)
  object space 173056K, 0% used [0x0000000702800000,0x0000000702804000,0x000000070d100000)
 PSPermGen       total 26112K, used 25718K [0x00000006fd600000, 0x00000006fef80000, 0x0000000702800000)
  object space 26112K, 98% used [0x00000006fd600000,0x00000006fef1da10,0x00000006fef80000)
}
Event: 209.189 GC heap before
{Heap before GC invocations=4 (full 0):
 PSYoungGen      total 75776K, used 72052K [0x00000007ab800000, 0x00000007b0c80000, 0x0000000800000000)
  eden space 65024K, 99% used [0x00000007ab800000,0x00000007af7599e8,0x00000007af780000)
  from space 10752K, 66% used [0x00000007af780000,0x00000007afe83778,0x00000007b0200000)
  to   space 10752K, 0% used [0x00000007b0200000,0x00000007b0200000,0x00000007b0c80000)
 ParOldGen       total 173056K, used 16K [0x0000000702800000, 0x000000070d100000, 0x00000007ab800000)
  object space 173056K, 0% used [0x0000000702800000,0x0000000702804000,0x000000070d100000)
 PSPermGen       total 26112K, used 25727K [0x00000006fd600000, 0x00000006fef80000, 0x0000000702800000)
  object space 26112K, 98% used [0x00000006fd600000,0x00000006fef1feb8,0x00000006fef80000)
Event: 209.199 GC heap after
Heap after GC invocations=4 (full 0):
 PSYoungGen      total 75776K, used 7635K [0x00000007ab800000, 0x00000007b0c80000, 0x0000000800000000)
  eden space 65024K, 0% used [0x00000007ab800000,0x00000007ab800000,0x00000007af780000)
  from space 10752K, 71% used [0x00000007b0200000,0x00000007b0974d68,0x00000007b0c80000)
  to   space 10752K, 0% used [0x00000007af780000,0x00000007af780000,0x00000007b0200000)
 ParOldGen       total 173056K, used 16K [0x0000000702800000, 0x000000070d100000, 0x00000007ab800000)
  object space 173056K, 0% used [0x0000000702800000,0x0000000702804000,0x000000070d100000)
 PSPermGen       total 26112K, used 25727K [0x00000006fd600000, 0x00000006fef80000, 0x0000000702800000)
  object space 26112K, 98% used [0x00000006fd600000,0x00000006fef1feb8,0x00000006fef80000)
}

